<?xml version="1.0" encoding="UTF-8"?>
<testsuites name="Mocha Tests" time="0" tests="1" failures="1">
  <testsuite name="Root Suite" timestamp="2019-11-27T11:47:05" tests="0" failures="0" time="0">
  </testsuite>
  <testsuite name="Login" timestamp="2019-11-27T11:47:05" tests="1" failures="1" time="0">
    <testcase name="Login Check username &amp; password" time="0" classname="Check username &amp; password">
      <failure message="cy.contains() failed because it requires the subject be a global &apos;window&apos; object.

The subject received was:

  &gt; http://localhost:4200/test

The previous command that ran was:

  &gt; cy.url()

All 3 subject validations failed on this subject." type="CypressError"><![CDATA[CypressError: cy.contains() failed because it requires the subject be a global 'window' object.

The subject received was:

  > http://localhost:4200/test

The previous command that ran was:

  > cy.url()

All 3 subject validations failed on this subject.
    at Object.cypressErr (http://localhost:4200/__cypress/runner/cypress_runner.js:104968:11)
    at Object.throwErr (http://localhost:4200/__cypress/runner/cypress_runner.js:104923:18)
    at Object.throwErrByPath (http://localhost:4200/__cypress/runner/cypress_runner.js:104955:17)
    at ensureWindow (http://localhost:4200/__cypress/runner/cypress_runner.js:93789:21)
    at validateType (http://localhost:4200/__cypress/runner/cypress_runner.js:93651:16)
    at Object.ensureSubjectByType (http://localhost:4200/__cypress/runner/cypress_runner.js:93675:9)
    at pushSubjectAndValidate (http://localhost:4200/__cypress/runner/cypress_runner.js:100364:15)
    at Context.<anonymous> (http://localhost:4200/__cypress/runner/cypress_runner.js:100623:18)
    at http://localhost:4200/__cypress/runner/cypress_runner.js:100145:33
    at tryCatcher (http://localhost:4200/__cypress/runner/cypress_runner.js:139057:23)
    at Promise._settlePromiseFromHandler (http://localhost:4200/__cypress/runner/cypress_runner.js:136993:31)
    at Promise._settlePromise (http://localhost:4200/__cypress/runner/cypress_runner.js:137050:18)
    at Promise._settlePromiseCtx (http://localhost:4200/__cypress/runner/cypress_runner.js:137087:10)
    at Async../node_modules/bluebird/js/release/async.js.Async._drainQueue (http://localhost:4200/__cypress/runner/cypress_runner.js:133787:12)
    at Async../node_modules/bluebird/js/release/async.js.Async._drainQueues (http://localhost:4200/__cypress/runner/cypress_runner.js:133792:10)
    at Async.drainQueues (http://localhost:4200/__cypress/runner/cypress_runner.js:133666:14)]]></failure>
    </testcase>
  </testsuite>
</testsuites>